\BOOKMARK [1][-]{section.1}{Overview}{}% 1
\BOOKMARK [2][-]{subsection.1.1}{Connections, External Pullups/Pulldowns}{section.1}% 2
\BOOKMARK [2][-]{subsection.1.2}{Installation}{section.1}% 3
\BOOKMARK [2][-]{subsection.1.3}{Design Decisions}{section.1}% 4
\BOOKMARK [2][-]{subsection.1.4}{Specialities}{section.1}% 5
\BOOKMARK [1][-]{section.2}{Main Application}{}% 6
\BOOKMARK [1][-]{section.3}{JabberClientC}{}% 7
\BOOKMARK [1][-]{section.4}{HplPS2C}{}% 8
\BOOKMARK [1][-]{section.5}{KeyboardC}{}% 9
\BOOKMARK [1][-]{section.6}{VolumeAdcC}{}% 10
\BOOKMARK [1][-]{section.7}{HplVS1011eC}{}% 11
\BOOKMARK [1][-]{section.8}{MessageManagerC}{}% 12
\BOOKMARK [1][-]{section.9}{VS1011eC}{}% 13
\BOOKMARK [2][-]{subsection.9.1}{Controlling Loudness}{section.9}% 14
\BOOKMARK [1][-]{section.10}{Problems}{}% 15
\BOOKMARK [1][-]{section.11}{Work}{}% 16
\BOOKMARK [1][-]{section.12}{Theory Tasks}{}% 17
\BOOKMARK [2][-]{subsection.12.1}{Communication protocol}{section.12}% 18
\BOOKMARK [1][-]{appendix.A}{Listings}{}% 19
\BOOKMARK [2][-]{subsection.A.1}{Main}{appendix.A}% 20
\BOOKMARK [2][-]{subsection.A.2}{Keyboard}{appendix.A}% 21
\BOOKMARK [2][-]{subsection.A.3}{MP3}{appendix.A}% 22
\BOOKMARK [2][-]{subsection.A.4}{ADC P5}{appendix.A}% 23
\BOOKMARK [2][-]{subsection.A.5}{MessageManager}{appendix.A}% 24
\BOOKMARK [2][-]{subsection.A.6}{GLCD}{appendix.A}% 25
\BOOKMARK [2][-]{subsection.A.7}{TCP/IP Stack}{appendix.A}% 26
